[2020-06-12 00:00:37.489999]:[0x00007f857a75a700]:Debug: Read handler
[2020-06-12 00:00:37.497166]:[0x00007f857bf5d700]:Trace: GET /covid HTTP 1.1 Sender IP: 172.17.0.1
[2020-06-12 00:00:37.498738]:[0x00007f857a75a700]:Trace: In Dispatcher
[2020-06-12 00:00:37.502454]:[0x00007f857a75a700]:Trace: Server listening
[2020-06-12 00:00:37.505174]:[0x00007f857a75a700]:Debug: Read handler
[2020-06-12 00:00:37.499750]:[0x00007f857bf5d700]:Debug: Good Request
[2020-06-12 00:00:37.506349]:[0x00007f857a75a700]:Trace: In Dispatcher
[2020-06-12 00:00:37.508445]:[0x00007f857a75a700]:Trace: Server listening
[2020-06-12 00:00:37.507565]:[0x00007f857bf5d700]:Trace: Check uri
[2020-06-12 00:00:37.511968]:[0x00007f857bf5d700]:Trace: Handle covid
[2020-06-12 00:00:37.514228]:[0x00007f857bf5d700]:Trace: IN HANDLER
[2020-06-12 00:00:37.515909]:[0x00007f857bf5d700]:Trace: Covid Request
[2020-06-12 00:00:37.549202]:[0x00007f857bf5d700]:Trace: [ResponseMetrics] 200|/covid|172.17.0.1|CovidHandler
[2020-06-12 00:00:37.550635]:[0x00007f857bf5d700]:Debug: Write handler
[2020-06-12 00:00:37.550887]:[0x00007f857b75c700]:Debug: Write closed
[2020-06-12 00:01:12.303320]:[0x00007f857af5b700]:Debug: Read handler
[2020-06-12 00:01:12.305548]:[0x00007f857af5b700]:Trace: In Dispatcher
[2020-06-12 00:01:12.307279]:[0x00007f857af5b700]:Trace: Server listening
[2020-06-12 00:01:12.308984]:[0x00007f857af5b700]:Debug: Read handler
[2020-06-12 00:01:12.310798]:[0x00007f857af5b700]:Trace: In Dispatcher
[2020-06-12 00:01:12.313496]:[0x00007f857af5b700]:Trace: Server listening
[2020-06-12 00:01:12.318966]:[0x00007f857a75a700]:Trace: GET /covid HTTP 1.1 Sender IP: 172.17.0.1
[2020-06-12 00:01:12.320781]:[0x00007f857a75a700]:Debug: Good Request
[2020-06-12 00:01:12.322098]:[0x00007f857a75a700]:Trace: Check uri
[2020-06-12 00:01:12.324211]:[0x00007f857a75a700]:Trace: Handle covid
[2020-06-12 00:01:12.325367]:[0x00007f857a75a700]:Trace: IN HANDLER
[2020-06-12 00:01:12.330477]:[0x00007f857a75a700]:Trace: Covid Request
[2020-06-12 00:01:12.348973]:[0x00007f857a75a700]:Trace: [ResponseMetrics] 200|/covid|172.17.0.1|CovidHandler
[2020-06-12 00:01:12.352732]:[0x00007f857bf5d700]:Debug: Write closed
[2020-06-12 00:01:12.354308]:[0x00007f857a75a700]:Debug: Write handler
[2020-06-12 00:02:02.795226]:[0x00007f857b75c700]:Debug: Read handler
[2020-06-12 00:02:02.803835]:[0x00007f857af5b700]:Trace: GET /covid HTTP 1.1 Sender IP: 172.17.0.1
[2020-06-12 00:02:02.813244]:[0x00007f857af5b700]:Debug: Good Request
[2020-06-12 00:02:02.811113]:[0x00007f857b75c700]:Trace: In Dispatcher
[2020-06-12 00:02:02.815351]:[0x00007f857af5b700]:Trace: Check uri
[2020-06-12 00:02:02.817591]:[0x00007f857b75c700]:Trace: Server listening
[2020-06-12 00:02:02.818772]:[0x00007f857af5b700]:Trace: Handle covid
[2020-06-12 00:02:02.819883]:[0x00007f857b75c700]:Debug: Read handler
[2020-06-12 00:02:02.821462]:[0x00007f857af5b700]:Trace: IN HANDLER
[2020-06-12 00:02:02.824900]:[0x00007f857af5b700]:Trace: Covid Request
[2020-06-12 00:02:02.823135]:[0x00007f857b75c700]:Trace: In Dispatcher
[2020-06-12 00:02:02.828212]:[0x00007f857b75c700]:Trace: Server listening
[2020-06-12 00:02:02.846347]:[0x00007f857af5b700]:Trace: [ResponseMetrics] 200|/covid|172.17.0.1|CovidHandler
[2020-06-12 00:02:02.848285]:[0x00007f857af5b700]:Debug: Write handler
[2020-06-12 00:02:02.848344]:[0x00007f857a75a700]:Debug: Write closed
[2020-06-12 00:02:43.649870]:[0x00007f857bf5d700]:Debug: Read handler
[2020-06-12 00:02:43.653280]:[0x00007f857bf5d700]:Trace: In Dispatcher
[2020-06-12 00:02:43.654867]:[0x00007f857bf5d700]:Trace: Server listening
[2020-06-12 00:02:43.658423]:[0x00007f857bf5d700]:Debug: Read handler
[2020-06-12 00:02:43.661203]:[0x00007f857bf5d700]:Trace: In Dispatcher
[2020-06-12 00:02:43.664729]:[0x00007f857bf5d700]:Trace: Server listening
[2020-06-12 00:02:43.665216]:[0x00007f857af5b700]:Trace: GET /covid HTTP 1.1 Sender IP: 172.17.0.1
[2020-06-12 00:02:43.669629]:[0x00007f857af5b700]:Debug: Good Request
[2020-06-12 00:02:43.670789]:[0x00007f857af5b700]:Trace: Check uri
[2020-06-12 00:02:43.672691]:[0x00007f857af5b700]:Trace: Handle covid
[2020-06-12 00:02:43.674372]:[0x00007f857af5b700]:Trace: IN HANDLER
[2020-06-12 00:02:43.675819]:[0x00007f857af5b700]:Trace: Covid Request
[2020-06-12 00:02:43.694771]:[0x00007f857af5b700]:Trace: [ResponseMetrics] 200|/covid|172.17.0.1|CovidHandler
[2020-06-12 00:02:43.697231]:[0x00007f857af5b700]:Debug: Write handler
[2020-06-12 00:02:43.697363]:[0x00007f857b75c700]:Debug: Write closed
[2020-06-12 00:02:59.609422]:[0x00007f857af5b700]:Debug: Read handler
[2020-06-12 00:02:59.611257]:[0x00007f857af5b700]:Trace: In Dispatcher
[2020-06-12 00:02:59.613222]:[0x00007f857af5b700]:Trace: Server listening
[2020-06-12 00:02:59.615886]:[0x00007f857b75c700]:Debug: Read handler
[2020-06-12 00:02:59.617432]:[0x00007f857bf5d700]:Trace: GET /covid HTTP 1.1 Sender IP: 172.17.0.1
[2020-06-12 00:02:59.618168]:[0x00007f857b75c700]:Trace: In Dispatcher
[2020-06-12 00:02:59.620390]:[0x00007f857b75c700]:Trace: Server listening
[2020-06-12 00:02:59.618777]:[0x00007f857bf5d700]:Debug: Good Request
[2020-06-12 00:02:59.623979]:[0x00007f857bf5d700]:Trace: Check uri
[2020-06-12 00:02:59.625261]:[0x00007f857bf5d700]:Trace: Handle covid
[2020-06-12 00:02:59.626298]:[0x00007f857bf5d700]:Trace: IN HANDLER
[2020-06-12 00:02:59.627501]:[0x00007f857bf5d700]:Trace: Covid Request
[2020-06-12 00:02:59.643329]:[0x00007f857bf5d700]:Trace: [ResponseMetrics] 200|/covid|172.17.0.1|CovidHandler
[2020-06-12 00:02:59.650902]:[0x00007f857af5b700]:Debug: Write closed
[2020-06-12 00:02:59.651266]:[0x00007f857bf5d700]:Debug: Write handler
[2020-06-12 00:03:12.801710]:[0x00007f857a75a700]:Debug: Read handler
[2020-06-12 00:03:12.804548]:[0x00007f857a75a700]:Trace: In Dispatcher
[2020-06-12 00:03:12.806787]:[0x00007f857a75a700]:Trace: Server listening
[2020-06-12 00:03:12.808735]:[0x00007f857a75a700]:Debug: Read handler
[2020-06-12 00:03:12.810438]:[0x00007f857a75a700]:Trace: In Dispatcher
[2020-06-12 00:03:12.813365]:[0x00007f857a75a700]:Trace: Server listening
[2020-06-12 00:03:12.811723]:[0x00007f857bf5d700]:Trace: GET /covid HTTP 1.1 Sender IP: 172.17.0.1
[2020-06-12 00:03:12.815433]:[0x00007f857bf5d700]:Debug: Good Request
[2020-06-12 00:03:12.816762]:[0x00007f857bf5d700]:Trace: Check uri
[2020-06-12 00:03:12.818294]:[0x00007f857bf5d700]:Trace: Handle covid
[2020-06-12 00:03:12.820794]:[0x00007f857bf5d700]:Trace: IN HANDLER
[2020-06-12 00:03:12.822818]:[0x00007f857bf5d700]:Trace: Covid Request
[2020-06-12 00:03:12.840253]:[0x00007f857bf5d700]:Trace: [ResponseMetrics] 200|/covid|172.17.0.1|CovidHandler
[2020-06-12 00:03:12.843630]:[0x00007f857bf5d700]:Debug: Write handler
[2020-06-12 00:03:12.844216]:[0x00007f857b75c700]:Debug: Write closed
[2020-06-12 00:09:53.299272]:[0x00007f857b75c700]:Debug: Read handler
[2020-06-12 00:09:53.303179]:[0x00007f857b75c700]:Trace: In Dispatcher
[2020-06-12 00:09:53.306452]:[0x00007f857b75c700]:Trace: Server listening
[2020-06-12 00:09:53.310848]:[0x00007f857b75c700]:Debug: Read handler
[2020-06-12 00:09:53.315869]:[0x00007f857b75c700]:Trace: In Dispatcher
[2020-06-12 00:09:53.320180]:[0x00007f857b75c700]:Trace: Server listening
[2020-06-12 00:09:53.316459]:[0x00007f857a75a700]:Trace: GET /covid HTTP 1.1 Sender IP: 172.17.0.1
[2020-06-12 00:09:53.325344]:[0x00007f857a75a700]:Debug: Good Request
[2020-06-12 00:09:53.326784]:[0x00007f857a75a700]:Trace: Check uri
[2020-06-12 00:09:53.329916]:[0x00007f857a75a700]:Trace: Handle covid
[2020-06-12 00:09:53.332257]:[0x00007f857a75a700]:Trace: IN HANDLER
[2020-06-12 00:09:53.333568]:[0x00007f857a75a700]:Trace: Covid Request
[2020-06-12 00:09:53.354474]:[0x00007f857a75a700]:Trace: [ResponseMetrics] 200|/covid|172.17.0.1|CovidHandler
[2020-06-12 00:09:53.355898]:[0x00007f857af5b700]:Debug: Write closed
[2020-06-12 00:09:53.355685]:[0x00007f857a75a700]:Debug: Write handler
[2020-06-12 00:10:13.772018]:[0x00007f857bf5d700]:Debug: Read handler
[2020-06-12 00:10:13.774220]:[0x00007f857bf5d700]:Trace: In Dispatcher
[2020-06-12 00:10:13.775561]:[0x00007f857bf5d700]:Trace: Server listening
[2020-06-12 00:10:13.776776]:[0x00007f857bf5d700]:Debug: Read handler
[2020-06-12 00:10:13.778328]:[0x00007f857bf5d700]:Trace: In Dispatcher
[2020-06-12 00:10:13.779743]:[0x00007f857a75a700]:Trace: GET /covid HTTP 1.1 Sender IP: 172.17.0.1
[2020-06-12 00:10:13.779792]:[0x00007f857bf5d700]:Trace: Server listening
[2020-06-12 00:10:13.780664]:[0x00007f857a75a700]:Debug: Good Request
[2020-06-12 00:10:13.782581]:[0x00007f857a75a700]:Trace: Check uri
[2020-06-12 00:10:13.783853]:[0x00007f857a75a700]:Trace: Handle covid
[2020-06-12 00:10:13.784855]:[0x00007f857a75a700]:Trace: IN HANDLER
[2020-06-12 00:10:13.785715]:[0x00007f857a75a700]:Trace: Covid Request
[2020-06-12 00:10:13.800741]:[0x00007f857a75a700]:Trace: [ResponseMetrics] 200|/covid|172.17.0.1|CovidHandler
[2020-06-12 00:10:13.803939]:[0x00007f857b75c700]:Debug: Write closed
[2020-06-12 00:10:13.804737]:[0x00007f857a75a700]:Debug: Write handler
